TN:
SF:D:\VUE\tv-show\services\TvShowService.js
FN:5,getAllTVShows
FN:9,searchTVShow
FNF:2
FNH:2
FNDA:1,getAllTVShows
FNDA:1,searchTVShow
DA:3,1
DA:6,1
DA:10,1
LF:3
LH:3
BRF:0
BRH:0
end_of_record
TN:
SF:D:\VUE\tv-show\src\App.vue
FNF:0
FNH:0
DA:10,1
LF:1
LH:1
BRF:0
BRH:0
end_of_record
TN:
SF:D:\VUE\tv-show\src\components\HomePage.vue
FN:43,(anonymous_1)
FN:54,(anonymous_2)
FN:59,(anonymous_3)
FN:60,(anonymous_4)
FN:78,(anonymous_5)
FN:86,(anonymous_6)
FN:88,(anonymous_7)
FN:90,(anonymous_8)
FN:93,(anonymous_9)
FNF:9
FNH:6
FNDA:7,(anonymous_1)
FNDA:7,(anonymous_2)
FNDA:8,(anonymous_3)
FNDA:8,(anonymous_4)
FNDA:0,(anonymous_5)
FNDA:7,(anonymous_6)
FNDA:0,(anonymous_7)
FNDA:1,(anonymous_8)
FNDA:0,(anonymous_9)
DA:39,1
DA:44,7
DA:55,7
DA:56,7
DA:60,8
DA:61,8
DA:62,8
DA:63,128
DA:64,128
DA:65,128
DA:66,24
DA:69,128
DA:73,128
DA:79,0
DA:87,7
DA:88,7
DA:91,1
DA:94,0
LF:18
LH:16
BRDA:65,0,0,24
BRDA:65,0,1,104
BRF:2
BRH:2
end_of_record
TN:
SF:D:\VUE\tv-show\src\components\SearchPage.vue
FN:20,(anonymous_1)
FN:30,(anonymous_2)
FN:32,(anonymous_3)
FN:39,(anonymous_4)
FN:41,(anonymous_5)
FN:44,(anonymous_6)
FN:48,(anonymous_7)
FNF:7
FNH:7
FNDA:4,(anonymous_1)
FNDA:5,(anonymous_2)
FNDA:5,(anonymous_3)
FNDA:4,(anonymous_4)
FNDA:4,(anonymous_5)
FNDA:1,(anonymous_6)
FNDA:4,(anonymous_7)
DA:17,2
DA:21,4
DA:31,5
DA:32,5
DA:33,5
DA:34,5
DA:35,0
DA:40,4
DA:41,8
DA:45,1
DA:49,4
DA:50,4
LF:12
LH:11
BRDA:34,0,0,0
BRDA:34,0,1,5
BRF:2
BRH:1
end_of_record
TN:
SF:D:\VUE\tv-show\src\components\ShowDetailsPage.vue
FN:25,(anonymous_1)
FNF:1
FNH:1
FNDA:1,(anonymous_1)
DA:26,1
LF:1
LH:1
BRF:0
BRH:0
end_of_record
TN:
SF:D:\VUE\tv-show\src\router\index.js
FNF:0
FNH:0
DA:8,1
DA:10,1
DA:35,1
LF:3
LH:3
BRF:0
BRH:0
end_of_record
