TN:
SF:D:\VUE\tv-show\services\TvShowService.js
FN:5,getAllTVShows
FN:9,searchTVShow
FNF:2
FNH:2
FNDA:1,getAllTVShows
FNDA:1,searchTVShow
DA:3,1
DA:6,1
DA:10,1
LF:3
LH:3
BRF:0
BRH:0
end_of_record
TN:
SF:D:\VUE\tv-show\src\App.vue
FNF:0
FNH:0
DA:10,1
LF:1
LH:1
BRF:0
BRH:0
end_of_record
TN:
SF:D:\VUE\tv-show\src\components\HomePage.vue
FN:43,(anonymous_1)
FN:54,(anonymous_2)
FN:59,(anonymous_3)
FN:60,(anonymous_4)
FN:77,(anonymous_5)
FN:80,(anonymous_6)
FN:88,(anonymous_7)
FN:92,(anonymous_8)
FN:95,(anonymous_9)
FNF:9
FNH:6
FNDA:5,(anonymous_1)
FNDA:5,(anonymous_2)
FNDA:5,(anonymous_3)
FNDA:5,(anonymous_4)
FNDA:5,(anonymous_5)
FNDA:0,(anonymous_6)
FNDA:5,(anonymous_7)
FNDA:0,(anonymous_8)
FNDA:0,(anonymous_9)
DA:39,1
DA:44,5
DA:55,5
DA:56,5
DA:60,5
DA:61,5
DA:62,5
DA:64,5
DA:65,5
DA:66,5
DA:67,5
DA:68,0
DA:71,0
DA:75,0
DA:78,5
DA:81,0
DA:89,5
DA:92,5
DA:96,0
LF:19
LH:14
BRDA:67,0,0,0
BRDA:67,0,1,0
BRF:2
BRH:0
end_of_record
TN:
SF:D:\VUE\tv-show\src\components\SearchPage.vue
FN:20,(anonymous_1)
FN:30,(anonymous_2)
FN:32,(anonymous_3)
FN:41,(anonymous_4)
FN:44,(anonymous_5)
FN:48,(anonymous_6)
FNF:6
FNH:0
FNDA:0,(anonymous_1)
FNDA:0,(anonymous_2)
FNDA:0,(anonymous_3)
FNDA:0,(anonymous_4)
FNDA:0,(anonymous_5)
FNDA:0,(anonymous_6)
DA:17,1
DA:21,0
DA:31,0
DA:32,0
DA:33,0
DA:34,0
DA:35,0
DA:37,0
DA:39,0
DA:42,0
DA:43,0
DA:44,0
DA:45,0
DA:49,0
DA:50,0
LF:15
LH:1
BRDA:34,0,0,0
BRDA:34,0,1,0
BRF:2
BRH:0
end_of_record
TN:
SF:D:\VUE\tv-show\src\router\index.js
FNF:0
FNH:0
DA:7,1
DA:9,1
DA:28,1
LF:3
LH:3
BRF:0
BRH:0
end_of_record
TN:
SF:D:\VUE\tv-show\tests\unit\components\searchpage.js
FNF:0
FNH:0
LF:0
LH:0
BRF:0
BRH:0
end_of_record
